This is pdfTeX, Version 3.1415926-1.40.10 (TeX Live 2009/Debian) (format=pdflatex 2011.10.12)  27 MAR 2012 11:04
entering extended mode
 %&-line parsing enabled.
**out_file.tex
(./out_file.tex
LaTeX2e <2009/09/24>
Babel <v3.8l> and hyphenation patterns for english, usenglishmax, dumylang, noh
yphenation, loaded.
(/usr/share/texmf-texlive/tex/latex/base/report.cls
Document Class: report 2007/10/19 v1.4h Standard LaTeX document class
(/usr/share/texmf-texlive/tex/latex/base/size10.clo
File: size10.clo 2007/10/19 v1.4h Standard LaTeX file (size option)
)
\c@part=\count79
\c@chapter=\count80
\c@section=\count81
\c@subsection=\count82
\c@subsubsection=\count83
\c@paragraph=\count84
\c@subparagraph=\count85
\c@figure=\count86
\c@table=\count87
\abovecaptionskip=\skip41
\belowcaptionskip=\skip42
\bibindent=\dimen102
)
(/usr/share/texmf-texlive/tex/latex/preprint/fullpage.sty
Package: fullpage 1999/02/23 1.1 (PWD)
\FP@margin=\skip43
)
(/usr/share/texmf-texlive/tex/latex/geometry/geometry.sty
Package: geometry 2008/12/21 v4.2 Page Geometry

(/usr/share/texmf-texlive/tex/latex/graphics/keyval.sty
Package: keyval 1999/03/16 v1.13 key=value parser (DPC)
\KV@toks@=\toks14
)
(/usr/share/texmf-texlive/tex/generic/oberdiek/ifpdf.sty
Package: ifpdf 2009/04/10 v2.0 Provides the ifpdf switch (HO)
Package ifpdf Info: pdfTeX in pdf mode detected.
)
(/usr/share/texmf-texlive/tex/generic/oberdiek/ifvtex.sty
Package: ifvtex 2008/11/04 v1.4 Switches for detecting VTeX and its modes (HO)
Package ifvtex Info: VTeX not detected.
)
\Gm@cnth=\count88
\Gm@cntv=\count89
\c@Gm@tempcnt=\count90
\Gm@bindingoffset=\dimen103
\Gm@wd@mp=\dimen104
\Gm@odd@mp=\dimen105
\Gm@even@mp=\dimen106
\Gm@dimlist=\toks15
)
(/usr/share/texmf-texlive/tex/latex/psnfss/times.sty
Package: times 2005/04/12 PSNFSS-v9.2a (SPQR) 
)
(/usr/share/texmf-texlive/tex/latex/pdfpages/pdfpages.sty
Package: pdfpages 2009/02/07 v0.4g Insert pages of external PDF documents (AM)

(/usr/share/texmf-texlive/tex/latex/base/ifthen.sty
Package: ifthen 2001/05/26 v1.1c Standard LaTeX ifthen package (DPC)
)
(/usr/share/texmf-texlive/tex/latex/graphics/graphicx.sty
Package: graphicx 1999/02/16 v1.0f Enhanced LaTeX Graphics (DPC,SPQR)

(/usr/share/texmf-texlive/tex/latex/graphics/graphics.sty
Package: graphics 2009/02/05 v1.0o Standard LaTeX Graphics (DPC,SPQR)

(/usr/share/texmf-texlive/tex/latex/graphics/trig.sty
Package: trig 1999/03/16 v1.09 sin cos tan (DPC)
)
(/etc/texmf/tex/latex/config/graphics.cfg
File: graphics.cfg 2009/08/28 v1.8 graphics configuration of TeX Live
)
Package graphics Info: Driver file: pdftex.def on input line 91.

(/usr/share/texmf-texlive/tex/latex/pdftex-def/pdftex.def
File: pdftex.def 2010/03/12 v0.04p Graphics/color for pdfTeX
\Gread@gobject=\count91
))
\Gin@req@height=\dimen107
\Gin@req@width=\dimen108
)
(/usr/share/texmf-texlive/tex/latex/tools/calc.sty
Package: calc 2007/08/22 v4.3 Infix arithmetic (KKT,FJ)
\calc@Acount=\count92
\calc@Bcount=\count93
\calc@Adimen=\dimen109
\calc@Bdimen=\dimen110
\calc@Askip=\skip44
\calc@Bskip=\skip45
LaTeX Info: Redefining \setlength on input line 76.
LaTeX Info: Redefining \addtolength on input line 77.
\calc@Ccount=\count94
\calc@Cskip=\skip46
)
(/usr/share/texmf-texlive/tex/latex/eso-pic/eso-pic.sty
Package: eso-pic 2006/07/14 v1.1d eso-pic (RN)

(/usr/share/texmf-texlive/tex/latex/ms/everyshi.sty
Package: everyshi 2001/05/15 v3.00 EveryShipout Package (MS)
))
(/usr/share/texmf-texlive/tex/latex/pdfpages/pppdftex.def
File: pppdftex.def 2009/02/07 v0.4g Pdfpages driver for pdfTeX (AM)
)
\AM@pagebox=\box26
\AM@toc@title=\toks16
\c@AM@survey=\count95
\AM@templatesizebox=\box27
)
(/usr/share/texmf-texlive/tex/latex/tools/longtable.sty
Package: longtable 2004/02/01 v4.11 Multi-page Table package (DPC)
\LTleft=\skip47
\LTright=\skip48
\LTpre=\skip49
\LTpost=\skip50
\LTchunksize=\count96
\LTcapwidth=\dimen111
\LT@head=\box28
\LT@firsthead=\box29
\LT@foot=\box30
\LT@lastfoot=\box31
\LT@cols=\count97
\LT@rows=\count98
\c@LT@tables=\count99
\c@LT@chunks=\count100
\LT@p@ftn=\toks17
)
(/usr/share/texmf-texlive/tex/latex/ltxmisc/endnotes.sty
\c@endnote=\count101
\endnotesep=\dimen112
\@enotes=\write3
)
(/usr/share/texmf/tex/latex/xcolor/xcolor.sty
Package: xcolor 2007/01/21 v2.11 LaTeX color extensions (UK)

(/etc/texmf/tex/latex/config/color.cfg
File: color.cfg 2007/01/18 v1.5 color configuration of teTeX/TeXLive
)
Package xcolor Info: Driver file: pdftex.def on input line 225.
Package xcolor Info: Model `cmy' substituted by `cmy0' on input line 1337.
Package xcolor Info: Model `hsb' substituted by `rgb' on input line 1341.
Package xcolor Info: Model `RGB' extended on input line 1353.
Package xcolor Info: Model `HTML' substituted by `rgb' on input line 1355.
Package xcolor Info: Model `Hsb' substituted by `hsb' on input line 1356.
Package xcolor Info: Model `tHsb' substituted by `hsb' on input line 1357.
Package xcolor Info: Model `HSB' substituted by `hsb' on input line 1358.
Package xcolor Info: Model `Gray' substituted by `gray' on input line 1359.
Package xcolor Info: Model `wave' substituted by `hsb' on input line 1360.
)
(/usr/share/texmf-texlive/tex/latex/colortbl/colortbl.sty
Package: colortbl 2001/02/13 v0.1j Color table columns (DPC)

(/usr/share/texmf-texlive/tex/latex/tools/array.sty
Package: array 2008/09/09 v2.4c Tabular extension package (FMi)
\col@sep=\dimen113
\extrarowheight=\dimen114
\NC@list=\toks18
\extratabsurround=\skip51
\backup@length=\skip52
)
\everycr=\toks19
\minrowclearance=\skip53
) (./out_file.aux)
\openout1 = `out_file.aux'.

LaTeX Font Info:    Checking defaults for OML/cmm/m/it on input line 15.
LaTeX Font Info:    ... okay on input line 15.
LaTeX Font Info:    Checking defaults for T1/cmr/m/n on input line 15.
LaTeX Font Info:    ... okay on input line 15.
LaTeX Font Info:    Checking defaults for OT1/cmr/m/n on input line 15.
LaTeX Font Info:    ... okay on input line 15.
LaTeX Font Info:    Checking defaults for OMS/cmsy/m/n on input line 15.
LaTeX Font Info:    ... okay on input line 15.
LaTeX Font Info:    Checking defaults for OMX/cmex/m/n on input line 15.
LaTeX Font Info:    ... okay on input line 15.
LaTeX Font Info:    Checking defaults for U/cmr/m/n on input line 15.
LaTeX Font Info:    ... okay on input line 15.
LaTeX Font Info:    Try loading font information for OT1+ptm on input line 15.

(/usr/share/texmf-texlive/tex/latex/psnfss/ot1ptm.fd
File: ot1ptm.fd 2001/06/04 font definitions for OT1/ptm.
)
*geometry auto-detecting driver*
*geometry detected driver: pdftex*
-------------------- Geometry parameters
paper: class default
landscape: true
twocolumn: --
twoside: --
asymmetric: --
h-parts: 18.06749pt, 758.835pt, 18.06749pt
v-parts: 54.2025pt, 505.89pt, 54.2025pt
hmarginratio: --
vmarginratio: --
lines: --
heightrounded: --
bindingoffset: 0.0pt
truedimen: --
includehead: --
includefoot: --
includemp: --
driver: pdftex
-------------------- Page layout dimensions and switches
\paperwidth  794.96999pt
\paperheight 614.295pt
\textwidth  758.835pt
\textheight 505.89pt
\oddsidemargin  -54.2025pt
\evensidemargin -54.2025pt
\topmargin  -18.06749pt
\headheight 0.0pt
\headsep    0.0pt
\footskip   30.0pt
\marginparwidth 144.0pt
\marginparsep   11.0pt
\columnsep  10.0pt
\skip\footins  9.0pt plus 4.0pt minus 2.0pt
\hoffset 0.0pt
\voffset 0.0pt
\mag 1000

(1in=72.27pt, 1cm=28.45pt)
-----------------------
(/usr/share/texmf-texlive/tex/context/base/supp-pdf.mkii
[Loading MPS to PDF converter (version 2006.09.02).]
\scratchcounter=\count102
\scratchdimen=\dimen115
\scratchbox=\box32
\nofMPsegments=\count103
\nofMParguments=\count104
\everyMPshowfont=\toks20
\MPscratchCnt=\count105
\MPscratchDim=\dimen116
\MPnumerator=\count106
\everyMPtoPDFconversion=\toks21
) ABD: EveryShipout initializing macros
LaTeX Font Info:    External font `cmex10' loaded for size
(Font)              <17.28> on input line 18.
LaTeX Font Info:    External font `cmex10' loaded for size
(Font)              <12> on input line 18.
\openout3 = `out_file.ent'.

LaTeX Font Info:    External font `cmex10' loaded for size
(Font)              <8> on input line 18.
LaTeX Font Info:    External font `cmex10' loaded for size
(Font)              <6> on input line 18.
 [1

{/var/lib/texmf/fonts/map/pdftex/updmap/pdftex.map}]
LaTeX Font Info:    Font shape `OT1/ptm/bx/n' in size <10> not available
(Font)              Font shape `OT1/ptm/b/n' tried instead on input line 20.
 [1]
LaTeX Font Info:    Font shape `OT1/ptm/bx/n' in size <14.4> not available
(Font)              Font shape `OT1/ptm/b/n' tried instead on input line 29.
LaTeX Font Info:    Font shape `OT1/ptm/bx/n' in size <12> not available
(Font)              Font shape `OT1/ptm/b/n' tried instead on input line 30.

Overfull \hbox (3.29944pt too wide) in alignment at lines 32--33
 [] [] [] [] [] [] [] [] [] [] [] [] [] [] [] [] [] [] 
 []


Overfull \hbox (3.29944pt too wide) in alignment at lines 33--54
 [] [] [] [] [] [] [] [] [] [] [] [] [] [] [] [] [] [] 
 []


Overfull \hbox (3.29944pt too wide) in alignment at lines 54--74
 [] [] [] [] [] [] [] [] [] [] [] [] [] [] [] [] [] [] 
 []


Overfull \hbox (3.29944pt too wide) in alignment at lines 74--84
 [] [] [] [] [] [] [] [] [] [] [] [] [] [] [] [] [] [] 
 []

[1] [2]
Overfull \hbox (3.29944pt too wide) in alignment at lines 88--89
 [] [] [] [] [] [] [] [] [] [] [] [] [] [] [] [] [] [] 
 []


Overfull \hbox (3.29944pt too wide) in alignment at lines 89--110
 [] [] [] [] [] [] [] [] [] [] [] [] [] [] [] [] [] [] 
 []


Overfull \hbox (3.29944pt too wide) in alignment at lines 110--130
 [] [] [] [] [] [] [] [] [] [] [] [] [] [] [] [] [] [] 
 []


Overfull \hbox (3.29944pt too wide) in alignment at lines 130--140
 [] [] [] [] [] [] [] [] [] [] [] [] [] [] [] [] [] [] 
 []

[3] [4]
Overfull \hbox (3.29944pt too wide) in alignment at lines 144--145
 [] [] [] [] [] [] [] [] [] [] [] [] [] [] [] [] [] [] 
 []


Overfull \hbox (3.29944pt too wide) in alignment at lines 145--166
 [] [] [] [] [] [] [] [] [] [] [] [] [] [] [] [] [] [] 
 []


Overfull \hbox (3.29944pt too wide) in alignment at lines 166--186
 [] [] [] [] [] [] [] [] [] [] [] [] [] [] [] [] [] [] 
 []


Overfull \hbox (3.29944pt too wide) in alignment at lines 186--196
 [] [] [] [] [] [] [] [] [] [] [] [] [] [] [] [] [] [] 
 []

[5] [6]
Overfull \hbox (3.29944pt too wide) in alignment at lines 200--201
 [] [] [] [] [] [] [] [] [] [] [] [] [] [] [] [] [] [] 
 []


Overfull \hbox (3.29944pt too wide) in alignment at lines 201--222
 [] [] [] [] [] [] [] [] [] [] [] [] [] [] [] [] [] [] 
 []


Overfull \hbox (3.29944pt too wide) in alignment at lines 222--242
 [] [] [] [] [] [] [] [] [] [] [] [] [] [] [] [] [] [] 
 []


Overfull \hbox (3.29944pt too wide) in alignment at lines 242--252
 [] [] [] [] [] [] [] [] [] [] [] [] [] [] [] [] [] [] 
 []

[7] [8]
Overfull \hbox (3.29944pt too wide) in alignment at lines 256--257
 [] [] [] [] [] [] [] [] [] [] [] [] [] [] [] [] [] [] 
 []


Overfull \hbox (3.29944pt too wide) in alignment at lines 257--278
 [] [] [] [] [] [] [] [] [] [] [] [] [] [] [] [] [] [] 
 []


Overfull \hbox (3.29944pt too wide) in alignment at lines 278--298
 [] [] [] [] [] [] [] [] [] [] [] [] [] [] [] [] [] [] 
 []


Overfull \hbox (3.29944pt too wide) in alignment at lines 298--308
 [] [] [] [] [] [] [] [] [] [] [] [] [] [] [] [] [] [] 
 []

[9] [10]
Overfull \hbox (3.29944pt too wide) in alignment at lines 312--313
 [] [] [] [] [] [] [] [] [] [] [] [] [] [] [] [] [] [] 
 []


Overfull \hbox (3.29944pt too wide) in alignment at lines 313--334
 [] [] [] [] [] [] [] [] [] [] [] [] [] [] [] [] [] [] 
 []


Overfull \hbox (3.29944pt too wide) in alignment at lines 334--354
 [] [] [] [] [] [] [] [] [] [] [] [] [] [] [] [] [] [] 
 []


Overfull \hbox (3.29944pt too wide) in alignment at lines 354--364
 [] [] [] [] [] [] [] [] [] [] [] [] [] [] [] [] [] [] 
 []

[11] [12]
Overfull \hbox (3.29944pt too wide) in alignment at lines 368--369
 [] [] [] [] [] [] [] [] [] [] [] [] [] [] [] [] [] [] 
 []


Overfull \hbox (3.29944pt too wide) in alignment at lines 369--390
 [] [] [] [] [] [] [] [] [] [] [] [] [] [] [] [] [] [] 
 []


Overfull \hbox (3.29944pt too wide) in alignment at lines 390--410
 [] [] [] [] [] [] [] [] [] [] [] [] [] [] [] [] [] [] 
 []


Overfull \hbox (3.29944pt too wide) in alignment at lines 410--420
 [] [] [] [] [] [] [] [] [] [] [] [] [] [] [] [] [] [] 
 []

[13] [14]
Underfull \hbox (badness 10000) in paragraph at lines 427--443

 []

[15] <scoring_system.pdf, id=61, page=1, 794.97pt x 614.295pt>
File: scoring_system.pdf Graphic file (type pdf)

<use scoring_system.pdf, page 1>
File: scoring_system.pdf Graphic file (type pdf)
 <use scoring_system.pdf, page 1>
File: scoring_system.pdf Graphic file (type pdf)

<use scoring_system.pdf, page 1>
File: scoring_system.pdf Graphic file (type pdf)
 <use scoring_system.pdf, page 1>
File: scoring_system.pdf Graphic file (type pdf)

<use scoring_system.pdf, page 1> [16 <./scoring_system.pdf>] (./out_file.ent
LaTeX Font Info:    External font `cmex10' loaded for size
(Font)              <5> on input line 2.
)
[17] (./out_file.aux) ) 
Here is how much of TeX's memory you used:
 2776 strings out of 495061
 37148 string characters out of 1182620
 164103 words of memory out of 3000000
 5927 multiletter control sequences out of 15000+50000
 19522 words of font info for 42 fonts, out of 3000000 for 9000
 28 hyphenation exceptions out of 8191
 34i,16n,36p,601b,387s stack positions out of 5000i,500n,10000p,200000b,50000s
{/usr/share/texmf-texlive/fonts/enc/dvips/base/8r.enc}</
usr/share/texmf-texlive/fonts/type1/urw/times/utmb8a.pfb></usr/share/texmf-texl
ive/fonts/type1/urw/times/utmr8a.pfb>
Output written on out_file.pdf (19 pages, 157527 bytes).
PDF statistics:
 85 PDF objects out of 1000 (max. 8388607)
 0 named destinations out of 1000 (max. 500000)
 16 words of extra memory for PDF output out of 10000 (max. 10000000)

